<?xml version="1.0" encoding="UTF-8"?>
<!-- Generated by org.testng.reporters.JUnitXMLReporter -->
<testsuite ignored="0" hostname="DaBeast" failures="0" tests="2" name="STEAssessmentAutomationChallenge" time="7.188" errors="0" timestamp="2024-10-24T10:31:21 EDT">
  <testcase classname="com.paylocity.test.login.LoginTest" name="testLoginErrorMessage" time="0.552"/>
  <testcase classname="com.paylocity.test.login.LoginTest" name="testLoginWithAValidId" time="0.769"/>
</testsuite> <!-- STEAssessmentAutomationChallenge -->
