<?xml version="1.0" encoding="UTF-8"?>
<testng-results ignored="0" total="1" passed="1" failed="0" skipped="0">
  <reporter-output>
  </reporter-output>
  <suite started-at="2024-10-24T09:35:02 EDT" name="Default Suite" finished-at="2024-10-24T09:35:11 EDT" duration-ms="8357">
    <groups>
    </groups>
    <test started-at="2024-10-24T09:35:02 EDT" name="STEAssessmentAutomationChallenge" finished-at="2024-10-24T09:35:11 EDT" duration-ms="8357">
      <class name="com.paylocity.test.login.LoginTest">
        <test-method is-config="true" signature="setUp()[pri:0, instance:com.paylocity.test.login.LoginTest@f74e835]" started-at="2024-10-24T09:35:02 EDT" name="setUp" finished-at="2024-10-24T09:35:06 EDT" duration-ms="3473" status="PASS">
          <reporter-output>
          </reporter-output>
        </test-method> <!-- setUp -->
        <test-method is-config="true" signature="loadApplication()[pri:0, instance:com.paylocity.test.login.LoginTest@f74e835]" started-at="2024-10-24T09:35:06 EDT" name="loadApplication" finished-at="2024-10-24T09:35:09 EDT" duration-ms="2873" status="PASS">
          <reporter-output>
          </reporter-output>
        </test-method> <!-- loadApplication -->
        <test-method signature="testLoginErrorMessage()[pri:0, instance:com.paylocity.test.login.LoginTest@f74e835]" started-at="2024-10-24T09:35:09 EDT" name="testLoginErrorMessage" finished-at="2024-10-24T09:35:10 EDT" duration-ms="1636" status="PASS">
          <reporter-output>
          </reporter-output>
        </test-method> <!-- testLoginErrorMessage -->
        <test-method is-config="true" signature="tearDown()[pri:0, instance:com.paylocity.test.login.LoginTest@f74e835]" started-at="2024-10-24T09:35:10 EDT" name="tearDown" finished-at="2024-10-24T09:35:11 EDT" duration-ms="232" status="PASS">
          <reporter-output>
          </reporter-output>
        </test-method> <!-- tearDown -->
      </class> <!-- com.paylocity.test.login.LoginTest -->
    </test> <!-- STEAssessmentAutomationChallenge -->
  </suite> <!-- Default Suite -->
</testng-results>
